<?xml version="1.0" encoding="UTF-8"?>
<testsuite name="GeometricalFormsTest" tests="1" skipped="0" failures="0" errors="0" timestamp="2022-06-21T18:21:11" hostname="DANIEL" time="0.014">
  <properties/>
  <testcase name="should_returnACube_when_EightPointsAreGivenWithTwoSquares()" classname="GeometricalFormsTest" time="0.014"/>
  <system-out><![CDATA[3
]]></system-out>
  <system-err><![CDATA[]]></system-err>
</testsuite>
