<?xml version="1.0" encoding="UTF-8"?>
<testsuite name="GeometricalFormsTest" tests="1" skipped="0" failures="0" errors="0" timestamp="2022-06-21T08:01:06" hostname="DANIEL" time="0.017">
  <properties/>
  <testcase name="should_returnPyramid_when_FivePointsAreGivenFourPointsInTheSamePlaneShapeNotRandom()" classname="GeometricalFormsTest" time="0.017"/>
  <system-out><![CDATA[finalJ 0
(0.0, 0.0, 0.0)
(1.0, 1.0, 0.0)
(3.0, 1.0, 0.0)
(2.0, 0.0, 0.0)
(2.0, 4.0, 5.0)
(0.0, 0.0, 0.0)
(1.0, 1.0, 0.0)
(3.0, 1.0, 0.0)
(2.0, 0.0, 0.0)
0.0
finalJ 1
(0.0, 0.0, 0.0)
(1.0, 1.0, 0.0)
(3.0, 1.0, 0.0)
(2.0, 0.0, 0.0)
(2.0, 4.0, 5.0)
(2.0, 4.0, 5.0)
5.0
filtered points list
]]></system-out>
  <system-err><![CDATA[]]></system-err>
</testsuite>
